<?xml version="1.0" encoding="UTF-8"?>
<testng-results skipped="0" failed="0" ignored="0" total="1" passed="1">
  <reporter-output>
    <line>
      <![CDATA[SearchProductTest Successfuly running]]>
    </line>
  </reporter-output>
  <suite name="Suite" duration-ms="59" started-at="2020-08-19T05:45:27Z" finished-at="2020-08-19T05:45:27Z">
    <groups>
    </groups>
    <test name="Test" duration-ms="59" started-at="2020-08-19T05:45:27Z" finished-at="2020-08-19T05:45:27Z">
      <class name="com.flipkart.Search.SearchProductTest">
        <test-method status="PASS" signature="run()[pri:0, instance:com.flipkart.Search.SearchProductTest@46d56d67]" name="run" duration-ms="7" started-at="2020-08-19T05:45:27Z" finished-at="2020-08-19T05:45:27Z">
          <reporter-output>
            <line>
              <![CDATA[SearchProductTest Successfuly running]]>
            </line>
          </reporter-output>
        </test-method> <!-- run -->
      </class> <!-- com.flipkart.Search.SearchProductTest -->
    </test> <!-- Test -->
  </suite> <!-- Suite -->
</testng-results>
