<?xml version="1.0" encoding="UTF-8"?>
<testng-results skipped="0" failed="0" ignored="0" total="1" passed="1">
  <reporter-output>
    <line>
      <![CDATA[SearchProductTest Successfuly running]]>
    </line>
    <line>
      <![CDATA[SearchProductTest Successfuly running]]>
    </line>
    <line>
      <![CDATA[SearchProductTest Successfuly running]]>
    </line>
  </reporter-output>
  <suite name="com.flipkart.Search.SearchProductTest" duration-ms="49" started-at="2020-08-19T23:10:35 IST" finished-at="2020-08-19T23:10:35 IST">
    <groups>
    </groups>
    <test name="Command line test" duration-ms="49" started-at="2020-08-19T23:10:35 IST" finished-at="2020-08-19T23:10:35 IST">
      <class name="com.flipkart.Search.SearchProductTest">
        <test-method status="PASS" signature="run()[pri:0, instance:com.flipkart.Search.SearchProductTest@7cd62f43]" name="run" duration-ms="6" started-at="2020-08-19T23:10:35 IST" finished-at="2020-08-19T23:10:35 IST">
          <reporter-output>
            <line>
              <![CDATA[SearchProductTest Successfuly running]]>
            </line>
            <line>
              <![CDATA[SearchProductTest Successfuly running]]>
            </line>
            <line>
              <![CDATA[SearchProductTest Successfuly running]]>
            </line>
          </reporter-output>
        </test-method> <!-- run -->
      </class> <!-- com.flipkart.Search.SearchProductTest -->
    </test> <!-- Command line test -->
  </suite> <!-- com.flipkart.Search.SearchProductTest -->
</testng-results>
